<?xml version="1.0" encoding="UTF-8"?>
<!-- Generated by org.testng.reporters.JUnitReportReporter -->
<testsuite skipped="0" hostname="RCHENNUB-LAP" name="com.http.qa.test.GetRestClientTest" tests="1" failures="0" timestamp="09 Feb 2019 01:21:59 GMT" time="2.407" errors="0">
  <testcase name="getTest" time="2.407" classname="com.http.qa.test.GetRestClientTest"/>
</testsuite> <!-- com.http.qa.test.GetRestClientTest -->
