<?xml version="1.0" encoding="UTF-8"?>
<!-- Generated by org.testng.reporters.JUnitReportReporter -->
<testsuite skipped="0" hostname="RCHENNUB-LAP" name="com.http.qa.test.PutRestClientTest" tests="1" failures="0" timestamp="09 Feb 2019 01:46:17 GMT" time="4.995" errors="0">
  <testcase name="putTest" time="4.995" classname="com.http.qa.test.PutRestClientTest"/>
</testsuite> <!-- com.http.qa.test.PutRestClientTest -->
