<?xml version="1.0" encoding="UTF-8"?>
<!-- Generated by org.testng.reporters.JUnitReportReporter -->
<testsuite skipped="0" hostname="RCHENNUB-LAP" name="com.http.qa.test.PostRestClientTest" tests="1" failures="0" timestamp="09 Feb 2019 01:36:52 GMT" time="2.659" errors="0">
  <testcase name="postTest" time="2.659" classname="com.http.qa.test.PostRestClientTest"/>
</testsuite> <!-- com.http.qa.test.PostRestClientTest -->
