<?xml version="1.0" encoding="UTF-8"?>
<!-- Generated by org.testng.reporters.JUnitReportReporter -->
<testsuite skipped="0" hostname="RCHENNUB-LAP" name="com.http.qa.test.DeleteHttpRestCLientTest" tests="1" failures="0" timestamp="09 Feb 2019 01:28:35 GMT" time="2.285" errors="0">
  <testcase name="deleteTest" time="2.285" classname="com.http.qa.test.DeleteHttpRestCLientTest"/>
</testsuite> <!-- com.http.qa.test.DeleteHttpRestCLientTest -->
